Determining if the pthread_create exist failed with the following output:
Change Dir: /home/alex/vcode/pb02/build/CMakeFiles/CMakeTmp

Run Build Command:"/usr/bin/make" "cmTC_a83c1/fast"
/usr/bin/make -f CMakeFiles/cmTC_a83c1.dir/build.make CMakeFiles/cmTC_a83c1.dir/build
make[1]: Entering directory '/home/alex/vcode/pb02/build/CMakeFiles/CMakeTmp'
Building C object CMakeFiles/cmTC_a83c1.dir/CheckSymbolExists.c.o
/usr/bin/cc     -o CMakeFiles/cmTC_a83c1.dir/CheckSymbolExists.c.o   -c /home/alex/vcode/pb02/build/CMakeFiles/CMakeTmp/CheckSymbolExists.c
Linking C executable cmTC_a83c1
/usr/bin/cmake -E cmake_link_script CMakeFiles/cmTC_a83c1.dir/link.txt --verbose=1
/usr/bin/cc       CMakeFiles/cmTC_a83c1.dir/CheckSymbolExists.c.o  -o cmTC_a83c1 -rdynamic 
CMakeFiles/cmTC_a83c1.dir/CheckSymbolExists.c.o: 於函式 main:
CheckSymbolExists.c:(.text+0x16): 未定義參考到「pthread_create」
collect2: error: ld returned 1 exit status
CMakeFiles/cmTC_a83c1.dir/build.make:97: recipe for target 'cmTC_a83c1' failed
make[1]: *** [cmTC_a83c1] Error 1
make[1]: Leaving directory '/home/alex/vcode/pb02/build/CMakeFiles/CMakeTmp'
Makefile:126: recipe for target 'cmTC_a83c1/fast' failed
make: *** [cmTC_a83c1/fast] Error 2

File /home/alex/vcode/pb02/build/CMakeFiles/CMakeTmp/CheckSymbolExists.c:
/* */
#include <pthread.h>

int main(int argc, char** argv)
{
  (void)argv;
#ifndef pthread_create
  return ((int*)(&pthread_create))[argc];
#else
  (void)argc;
  return 0;
#endif
}

Determining if the function pthread_create exists in the pthreads failed with the following output:
Change Dir: /home/alex/vcode/pb02/build/CMakeFiles/CMakeTmp

Run Build Command:"/usr/bin/make" "cmTC_c604b/fast"
/usr/bin/make -f CMakeFiles/cmTC_c604b.dir/build.make CMakeFiles/cmTC_c604b.dir/build
make[1]: Entering directory '/home/alex/vcode/pb02/build/CMakeFiles/CMakeTmp'
Building C object CMakeFiles/cmTC_c604b.dir/CheckFunctionExists.c.o
/usr/bin/cc    -DCHECK_FUNCTION_EXISTS=pthread_create   -o CMakeFiles/cmTC_c604b.dir/CheckFunctionExists.c.o   -c /usr/share/cmake-3.5/Modules/CheckFunctionExists.c
Linking C executable cmTC_c604b
/usr/bin/cmake -E cmake_link_script CMakeFiles/cmTC_c604b.dir/link.txt --verbose=1
/usr/bin/cc   -DCHECK_FUNCTION_EXISTS=pthread_create    CMakeFiles/cmTC_c604b.dir/CheckFunctionExists.c.o  -o cmTC_c604b -rdynamic -lpthreads 
/usr/bin/ld: 找不到 -lpthreads
collect2: error: ld returned 1 exit status
CMakeFiles/cmTC_c604b.dir/build.make:97: recipe for target 'cmTC_c604b' failed
make[1]: *** [cmTC_c604b] Error 1
make[1]: Leaving directory '/home/alex/vcode/pb02/build/CMakeFiles/CMakeTmp'
Makefile:126: recipe for target 'cmTC_c604b/fast' failed
make: *** [cmTC_c604b/fast] Error 2


